<?xml version="1.0" encoding="UTF-8"?>
<!-- Generated by org.testng.reporters.JUnitXMLReporter -->
<testsuite ignored="0" hostname="Thirosh" failures="0" tests="7" name="Test" time="0.075" errors="0" timestamp="2024-02-18T03:07:38 IST">
  <testcase classname="t_pack.TestOne" name="testOne" time="0.008"/>
  <testcase classname="t_pack.TestTwo" name="testTwo" time="0.002"/>
  <testcase classname="t_pack.TestThree" name="testThree" time="0.002"/>
  <testcase classname="o_pack.TestFour" name="testFour" time="0.001"/>
  <testcase classname="o_pack.TestFive" name="testFive" time="0.002"/>
  <testcase classname="o_pack.TestSix" name="testSix" time="0.001"/>
  <testcase classname="k_pack.TestSeven" name="testSeven" time="0.002"/>
</testsuite> <!-- Test -->
