<?xml version="1.0" encoding="UTF-8"?>
<!-- Generated by org.testng.reporters.JUnitXMLReporter -->
<testsuite ignored="0" hostname="Thirosh" failures="0" tests="4" name="Admin" time="0.022" errors="0" timestamp="2024-02-18T13:06:32 IST">
  <testcase classname="k_pack.TestEight" name="testEight1" time="0.002"/>
  <testcase classname="k_pack.TestEight" name="testEight2" time="0.002"/>
  <testcase classname="k_pack.TestEight" name="testEight3" time="0.002"/>
  <testcase classname="k_pack.TestEight" name="testEight4" time="0.002"/>
</testsuite> <!-- Admin -->
