<?xml version="1.0" encoding="UTF-8"?>
<!-- Generated by org.testng.reporters.JUnitXMLReporter -->
<testsuite ignored="0" hostname="Thirosh" failures="0" tests="11" name="PackagesTest" time="0.09" errors="0" timestamp="2024-02-18T13:09:39 IST">
  <testcase classname="o_pack.TestFive" name="testFive" time="0.007"/>
  <testcase classname="k_pack.TestEight" name="testEight1" time="0.002"/>
  <testcase classname="k_pack.TestEight" name="testEight2" time="0.002"/>
  <testcase classname="k_pack.TestEight" name="testEight3" time="0.002"/>
  <testcase classname="k_pack.TestEight" name="testEight4" time="0.001"/>
  <testcase classname="t_pack.TestOne" name="testOne" time="0.001"/>
  <testcase classname="o_pack.TestFour" name="testFour" time="0.001"/>
  <testcase classname="k_pack.TestSeven" name="testSeven" time="0.001"/>
  <testcase classname="t_pack.TestThree" name="testThree" time="0.001"/>
  <testcase classname="o_pack.TestSix" name="testSix" time="0.001"/>
  <testcase classname="t_pack.TestTwo" name="testTwo" time="0.001"/>
</testsuite> <!-- PackagesTest -->
