<?xml version="1.0" encoding="UTF-8"?>
<testng-results ignored="0" total="11" passed="11" failed="0" skipped="0">
  <reporter-output>
  </reporter-output>
  <suite started-at="2024-02-18T13:09:39 IST" name="LMS Application" finished-at="2024-02-18T13:09:39 IST" duration-ms="90">
    <groups>
    </groups>
    <test started-at="2024-02-18T13:09:39 IST" name="PackagesTest" finished-at="2024-02-18T13:09:39 IST" duration-ms="90">
      <class name="o_pack.TestFour">
        <test-method signature="testFour()[pri:0, instance:o_pack.TestFour@1e800aaa]" started-at="2024-02-18T13:09:39 IST" name="testFour" finished-at="2024-02-18T13:09:39 IST" duration-ms="1" status="PASS">
          <reporter-output>
          </reporter-output>
        </test-method> <!-- testFour -->
        <test-method is-config="true" signature="testm()[pri:0, instance:o_pack.TestFour@1e800aaa]" started-at="2024-02-18T13:09:39 IST" name="testm" finished-at="2024-02-18T13:09:39 IST" duration-ms="1" status="PASS">
          <reporter-output>
          </reporter-output>
        </test-method> <!-- testm -->
      </class> <!-- o_pack.TestFour -->
      <class name="k_pack.TestSeven">
        <test-method signature="testSeven()[pri:0, instance:k_pack.TestSeven@9d5509a]" started-at="2024-02-18T13:09:39 IST" name="testSeven" finished-at="2024-02-18T13:09:39 IST" duration-ms="1" status="PASS">
          <reporter-output>
          </reporter-output>
        </test-method> <!-- testSeven -->
      </class> <!-- k_pack.TestSeven -->
      <class name="t_pack.TestTwo">
        <test-method signature="testTwo()[pri:0, instance:t_pack.TestTwo@3cd3e762]" started-at="2024-02-18T13:09:39 IST" name="testTwo" finished-at="2024-02-18T13:09:39 IST" duration-ms="1" status="PASS">
          <reporter-output>
          </reporter-output>
        </test-method> <!-- testTwo -->
      </class> <!-- t_pack.TestTwo -->
      <class name="o_pack.TestFive">
        <test-method signature="testFive()[pri:0, instance:o_pack.TestFive@4afcd809]" started-at="2024-02-18T13:09:39 IST" name="testFive" finished-at="2024-02-18T13:09:39 IST" duration-ms="7" status="PASS">
          <reporter-output>
          </reporter-output>
        </test-method> <!-- testFive -->
      </class> <!-- o_pack.TestFive -->
      <class name="k_pack.TestEight">
        <test-method signature="testEight1()[pri:0, instance:k_pack.TestEight@6f03482]" started-at="2024-02-18T13:09:39 IST" name="testEight1" finished-at="2024-02-18T13:09:39 IST" duration-ms="2" status="PASS">
          <reporter-output>
          </reporter-output>
        </test-method> <!-- testEight1 -->
        <test-method signature="testEight2()[pri:0, instance:k_pack.TestEight@6f03482]" started-at="2024-02-18T13:09:39 IST" name="testEight2" finished-at="2024-02-18T13:09:39 IST" duration-ms="2" status="PASS">
          <reporter-output>
          </reporter-output>
        </test-method> <!-- testEight2 -->
        <test-method signature="testEight3()[pri:0, instance:k_pack.TestEight@6f03482]" started-at="2024-02-18T13:09:39 IST" name="testEight3" finished-at="2024-02-18T13:09:39 IST" duration-ms="2" status="PASS">
          <reporter-output>
          </reporter-output>
        </test-method> <!-- testEight3 -->
        <test-method signature="testEight4()[pri:0, instance:k_pack.TestEight@6f03482]" started-at="2024-02-18T13:09:39 IST" name="testEight4" finished-at="2024-02-18T13:09:39 IST" duration-ms="1" status="PASS">
          <reporter-output>
          </reporter-output>
        </test-method> <!-- testEight4 -->
      </class> <!-- k_pack.TestEight -->
      <class name="o_pack.TestSix">
        <test-method signature="testSix()[pri:0, instance:o_pack.TestSix@185a6e9]" started-at="2024-02-18T13:09:39 IST" name="testSix" finished-at="2024-02-18T13:09:39 IST" duration-ms="1" status="PASS">
          <reporter-output>
          </reporter-output>
        </test-method> <!-- testSix -->
      </class> <!-- o_pack.TestSix -->
      <class name="t_pack.TestThree">
        <test-method signature="testThree()[pri:0, instance:t_pack.TestThree@3b0090a4]" started-at="2024-02-18T13:09:39 IST" name="testThree" finished-at="2024-02-18T13:09:39 IST" duration-ms="1" status="PASS">
          <reporter-output>
          </reporter-output>
        </test-method> <!-- testThree -->
      </class> <!-- t_pack.TestThree -->
      <class name="t_pack.TestOne">
        <test-method is-config="true" signature="testm()[pri:0, instance:t_pack.TestOne@179ece50]" started-at="2024-02-18T13:09:39 IST" name="testm" finished-at="2024-02-18T13:09:39 IST" duration-ms="9" status="PASS">
          <reporter-output>
          </reporter-output>
        </test-method> <!-- testm -->
        <test-method signature="testOne()[pri:3, instance:t_pack.TestOne@179ece50]" started-at="2024-02-18T13:09:39 IST" name="testOne" finished-at="2024-02-18T13:09:39 IST" duration-ms="1" status="PASS">
          <reporter-output>
          </reporter-output>
        </test-method> <!-- testOne -->
      </class> <!-- t_pack.TestOne -->
    </test> <!-- PackagesTest -->
  </suite> <!-- LMS Application -->
</testng-results>
